<?xml version="1.0" encoding="UTF-8"?>
<coverage generated="1558004253766" clover="3.2.0">
  <project timestamp="1558004253767" name="All files">
    <metrics statements="99" coveredstatements="78" conditionals="54" coveredconditionals="26" methods="29" coveredmethods="24" elements="182" coveredelements="128" complexity="0" loc="99" ncloc="99" packages="3" files="4" classes="4"/>
    <package name="sql2gql">
      <metrics statements="1" coveredstatements="0" conditionals="0" coveredconditionals="0" methods="0" coveredmethods="0"/>
      <file name="jest.config.js" path="/home/mmckenzie/projects/q2/libs/sql2gql/jest.config.js">
        <metrics statements="1" coveredstatements="0" conditionals="0" coveredconditionals="0" methods="0" coveredmethods="0"/>
        <line num="1" count="0" type="stmt"/>
      </file>
    </package>
    <package name="sql2gql.src">
      <metrics statements="21" coveredstatements="8" conditionals="13" coveredconditionals="3" methods="6" coveredmethods="2"/>
      <file name="events.js" path="/home/mmckenzie/projects/q2/libs/sql2gql/src/events.js">
        <metrics statements="0" coveredstatements="0" conditionals="0" coveredconditionals="0" methods="0" coveredmethods="0"/>
      </file>
      <file name="index.js" path="/home/mmckenzie/projects/q2/libs/sql2gql/src/index.js">
        <metrics statements="21" coveredstatements="8" conditionals="13" coveredconditionals="3" methods="6" coveredmethods="2"/>
        <line num="6" count="2" type="stmt"/>
        <line num="7" count="2" type="stmt"/>
        <line num="8" count="2" type="stmt"/>
        <line num="9" count="2" type="stmt"/>
        <line num="11" count="2" type="stmt"/>
        <line num="12" count="2" type="cond" truecount="1" falsecount="1"/>
        <line num="13" count="2" type="cond" truecount="1" falsecount="1"/>
        <line num="14" count="2" type="cond" truecount="1" falsecount="1"/>
        <line num="18" count="0" type="cond" truecount="0" falsecount="2"/>
        <line num="19" count="0" type="cond" truecount="0" falsecount="2"/>
        <line num="20" count="0" type="stmt"/>
        <line num="22" count="0" type="stmt"/>
        <line num="23" count="0" type="stmt"/>
        <line num="24" count="0" type="stmt"/>
        <line num="27" count="0" type="stmt"/>
        <line num="28" count="0" type="stmt"/>
        <line num="30" count="0" type="stmt"/>
        <line num="31" count="0" type="stmt"/>
        <line num="32" count="0" type="cond" truecount="0" falsecount="2"/>
        <line num="33" count="0" type="stmt"/>
        <line num="35" count="0" type="stmt"/>
      </file>
    </package>
    <package name="sql2gql.src.adapters.sequelize">
      <metrics statements="77" coveredstatements="70" conditionals="41" coveredconditionals="23" methods="23" coveredmethods="22"/>
      <file name="index.js" path="/home/mmckenzie/projects/q2/libs/sql2gql/src/adapters/sequelize/index.js">
        <metrics statements="77" coveredstatements="70" conditionals="41" coveredconditionals="23" methods="23" coveredmethods="22"/>
        <line num="5" count="2" type="stmt"/>
        <line num="9" count="2" type="stmt"/>
        <line num="12" count="12" type="stmt"/>
        <line num="13" count="12" type="stmt"/>
        <line num="15" count="12" type="stmt"/>
        <line num="16" count="1" type="stmt"/>
        <line num="18" count="12" type="stmt"/>
        <line num="19" count="8" type="stmt"/>
        <line num="21" count="12" type="stmt"/>
        <line num="22" count="7" type="stmt"/>
        <line num="24" count="12" type="stmt"/>
        <line num="25" count="9" type="stmt"/>
        <line num="26" count="9" type="stmt"/>
        <line num="31" count="9" type="stmt"/>
        <line num="32" count="9" type="cond" truecount="3" falsecount="1"/>
        <line num="33" count="9" type="stmt"/>
        <line num="36" count="9" type="stmt"/>
        <line num="38" count="9" type="stmt"/>
        <line num="39" count="9" type="cond" truecount="1" falsecount="1"/>
        <line num="40" count="9" type="cond" truecount="1" falsecount="1"/>
        <line num="41" count="9" type="stmt"/>
        <line num="43" count="9" type="cond" truecount="1" falsecount="1"/>
        <line num="44" count="9" type="stmt"/>
        <line num="47" count="9" type="cond" truecount="1" falsecount="1"/>
        <line num="48" count="9" type="stmt"/>
        <line num="49" count="30" type="stmt"/>
        <line num="52" count="9" type="cond" truecount="1" falsecount="1"/>
        <line num="53" count="9" type="stmt"/>
        <line num="54" count="9" type="stmt"/>
        <line num="58" count="12" type="cond" truecount="0" falsecount="1"/>
        <line num="59" count="10" type="stmt"/>
        <line num="60" count="10" type="cond" truecount="2" falsecount="0"/>
        <line num="61" count="3" type="stmt"/>
        <line num="63" count="10" type="stmt"/>
        <line num="64" count="10" type="cond" truecount="2" falsecount="0"/>
        <line num="65" count="2" type="cond" truecount="1" falsecount="1"/>
        <line num="66" count="0" type="stmt"/>
        <line num="69" count="10" type="stmt"/>
        <line num="76" count="0" type="stmt"/>
        <line num="78" count="10" type="stmt"/>
        <line num="80" count="12" type="stmt"/>
        <line num="81" count="1" type="stmt"/>
        <line num="84" count="12" type="stmt"/>
        <line num="85" count="1" type="stmt"/>
        <line num="87" count="12" type="stmt"/>
        <line num="88" count="4" type="stmt"/>
        <line num="90" count="12" type="stmt"/>
        <line num="91" count="1" type="stmt"/>
        <line num="93" count="12" type="stmt"/>
        <line num="94" count="1" type="stmt"/>
        <line num="95" count="1" type="cond" truecount="1" falsecount="0"/>
        <line num="97" count="1" type="stmt"/>
        <line num="98" count="1" type="cond" truecount="1" falsecount="0"/>
        <line num="99" count="1" type="stmt"/>
        <line num="100" count="1" type="cond" truecount="1" falsecount="1"/>
        <line num="101" count="0" type="cond" truecount="0" falsecount="2"/>
        <line num="102" count="0" type="stmt"/>
        <line num="107" count="1" type="cond" truecount="1" falsecount="1"/>
        <line num="108" count="1" type="stmt"/>
        <line num="110" count="1" type="stmt"/>
        <line num="114" count="0" type="stmt"/>
        <line num="122" count="9" type="stmt"/>
        <line num="123" count="18" type="stmt"/>
        <line num="124" count="32" type="cond" truecount="1" falsecount="1"/>
        <line num="125" count="32" type="stmt"/>
        <line num="128" count="18" type="stmt"/>
        <line num="133" count="32" type="stmt"/>
        <line num="134" count="2" type="stmt"/>
        <line num="135" count="4" type="stmt"/>
        <line num="136" count="4" type="cond" truecount="2" falsecount="0"/>
        <line num="138" count="2" type="cond" truecount="1" falsecount="1"/>
        <line num="139" count="0" type="stmt"/>
        <line num="140" count="0" type="stmt"/>
        <line num="143" count="2" type="stmt"/>
        <line num="145" count="2" type="cond" truecount="1" falsecount="1"/>
        <line num="146" count="2" type="stmt"/>
        <line num="149" count="2" type="stmt"/>
      </file>
    </package>
  </project>
</coverage>
