{"/home/mmckenzie/projects/q2/libs/sql2gql/jest.config.js": {"path":"/home/mmckenzie/projects/q2/libs/sql2gql/jest.config.js","statementMap":{"0":{"start":{"line":1,"column":0},"end":{"line":11,"column":2}}},"fnMap":{},"branchMap":{},"s":{"0":0},"f":{},"b":{},"hash":"6474ba8a5b73c9e06f91397c4e04d75430d16742"}
,"/home/mmckenzie/projects/q2/libs/sql2gql/src/events.js": {"path":"/home/mmckenzie/projects/q2/libs/sql2gql/src/events.js","statementMap":{},"fnMap":{},"branchMap":{},"s":{},"f":{},"b":{},"_coverageSchema":"43e27e138ebf9cfc5966b082cf9a028302ed4184","hash":"4a7c47cfbc2178d96d084e8a1a054678dc625784"}
,"/home/mmckenzie/projects/q2/libs/sql2gql/src/index.js": {"path":"/home/mmckenzie/projects/q2/libs/sql2gql/src/index.js","statementMap":{"0":{"start":{"line":6,"column":4},"end":{"line":6,"column":21}},"1":{"start":{"line":7,"column":4},"end":{"line":7,"column":29}},"2":{"start":{"line":8,"column":4},"end":{"line":8,"column":23}},"3":{"start":{"line":9,"column":4},"end":{"line":9,"column":36}},"4":{"start":{"line":11,"column":20},"end":{"line":16,"column":3}},"5":{"start":{"line":12,"column":4},"end":{"line":12,"column":57}},"6":{"start":{"line":13,"column":4},"end":{"line":15,"column":5}},"7":{"start":{"line":14,"column":6},"end":{"line":14,"column":56}},"8":{"start":{"line":18,"column":23},"end":{"line":18,"column":62}},"9":{"start":{"line":19,"column":4},"end":{"line":21,"column":5}},"10":{"start":{"line":20,"column":6},"end":{"line":20,"column":82}},"11":{"start":{"line":22,"column":4},"end":{"line":22,"column":36}},"12":{"start":{"line":23,"column":4},"end":{"line":23,"column":49}},"13":{"start":{"line":24,"column":4},"end":{"line":24,"column":46}},"14":{"start":{"line":27,"column":4},"end":{"line":29,"column":8}},"15":{"start":{"line":28,"column":20},"end":{"line":28,"column":42}},"16":{"start":{"line":30,"column":4},"end":{"line":36,"column":8}},"17":{"start":{"line":31,"column":22},"end":{"line":31,"column":48}},"18":{"start":{"line":32,"column":6},"end":{"line":34,"column":7}},"19":{"start":{"line":33,"column":8},"end":{"line":33,"column":31}},"20":{"start":{"line":35,"column":6},"end":{"line":35,"column":34}}},"fnMap":{"0":{"name":"(anonymous_0)","decl":{"start":{"line":5,"column":2},"end":{"line":5,"column":3}},"loc":{"start":{"line":5,"column":16},"end":{"line":10,"column":3}},"line":5},"1":{"name":"(anonymous_1)","decl":{"start":{"line":11,"column":20},"end":{"line":11,"column":21}},"loc":{"start":{"line":11,"column":46},"end":{"line":16,"column":3}},"line":11},"2":{"name":"(anonymous_2)","decl":{"start":{"line":17,"column":2},"end":{"line":17,"column":3}},"loc":{"start":{"line":17,"column":18},"end":{"line":25,"column":3}},"line":17},"3":{"name":"(anonymous_3)","decl":{"start":{"line":26,"column":2},"end":{"line":26,"column":3}},"loc":{"start":{"line":26,"column":34},"end":{"line":37,"column":3}},"line":26},"4":{"name":"(anonymous_4)","decl":{"start":{"line":27,"column":51},"end":{"line":27,"column":52}},"loc":{"start":{"line":27,"column":66},"end":{"line":29,"column":5}},"line":27},"5":{"name":"(anonymous_5)","decl":{"start":{"line":30,"column":53},"end":{"line":30,"column":54}},"loc":{"start":{"line":30,"column":70},"end":{"line":36,"column":5}},"line":30}},"branchMap":{"0":{"loc":{"start":{"line":12,"column":18},"end":{"line":12,"column":45}},"type":"binary-expr","locations":[{"start":{"line":12,"column":18},"end":{"line":12,"column":29}},{"start":{"line":12,"column":33},"end":{"line":12,"column":45}}],"line":12},"1":{"loc":{"start":{"line":13,"column":4},"end":{"line":15,"column":5}},"type":"if","locations":[{"start":{"line":13,"column":4},"end":{"line":15,"column":5}},{"start":{"line":13,"column":4},"end":{"line":15,"column":5}}],"line":13},"2":{"loc":{"start":{"line":14,"column":28},"end":{"line":14,"column":55}},"type":"binary-expr","locations":[{"start":{"line":14,"column":28},"end":{"line":14,"column":39}},{"start":{"line":14,"column":43},"end":{"line":14,"column":55}}],"line":14},"3":{"loc":{"start":{"line":18,"column":23},"end":{"line":18,"column":62}},"type":"binary-expr","locations":[{"start":{"line":18,"column":23},"end":{"line":18,"column":39}},{"start":{"line":18,"column":43},"end":{"line":18,"column":62}}],"line":18},"4":{"loc":{"start":{"line":19,"column":4},"end":{"line":21,"column":5}},"type":"if","locations":[{"start":{"line":19,"column":4},"end":{"line":21,"column":5}},{"start":{"line":19,"column":4},"end":{"line":21,"column":5}}],"line":19},"5":{"loc":{"start":{"line":26,"column":19},"end":{"line":26,"column":32}},"type":"default-arg","locations":[{"start":{"line":26,"column":27},"end":{"line":26,"column":32}}],"line":26},"6":{"loc":{"start":{"line":32,"column":6},"end":{"line":34,"column":7}},"type":"if","locations":[{"start":{"line":32,"column":6},"end":{"line":34,"column":7}},{"start":{"line":32,"column":6},"end":{"line":34,"column":7}}],"line":32}},"s":{"0":2,"1":2,"2":2,"3":2,"4":2,"5":2,"6":2,"7":2,"8":0,"9":0,"10":0,"11":0,"12":0,"13":0,"14":0,"15":0,"16":0,"17":0,"18":0,"19":0,"20":0},"f":{"0":2,"1":2,"2":0,"3":0,"4":0,"5":0},"b":{"0":[2,0],"1":[2,0],"2":[2,0],"3":[0,0],"4":[0,0],"5":[0],"6":[0,0]},"_coverageSchema":"43e27e138ebf9cfc5966b082cf9a028302ed4184","hash":"37aed5d9190bc1ca0931fe4699d486ce66a6c3aa"}
,"/home/mmckenzie/projects/q2/libs/sql2gql/src/adapters/sequelize/index.js": {"path":"/home/mmckenzie/projects/q2/libs/sql2gql/src/adapters/sequelize/index.js","statementMap":{"0":{"start":{"line":5,"column":12},"end":{"line":5,"column":40}},"1":{"start":{"line":9,"column":16},"end":{"line":9,"column":27}},"2":{"start":{"line":12,"column":4},"end":{"line":12,"column":96}},"3":{"start":{"line":13,"column":4},"end":{"line":13,"column":34}},"4":{"start":{"line":15,"column":15},"end":{"line":17,"column":3}},"5":{"start":{"line":16,"column":4},"end":{"line":16,"column":33}},"6":{"start":{"line":18,"column":10},"end":{"line":20,"column":3}},"7":{"start":{"line":19,"column":4},"end":{"line":19,"column":46}},"8":{"start":{"line":21,"column":11},"end":{"line":23,"column":3}},"9":{"start":{"line":22,"column":4},"end":{"line":22,"column":26}},"10":{"start":{"line":24,"column":13},"end":{"line":57,"column":3}},"11":{"start":{"line":25,"column":40},"end":{"line":25,"column":52}},"12":{"start":{"line":26,"column":18},"end":{"line":30,"column":6}},"13":{"start":{"line":31,"column":24},"end":{"line":31,"column":70}},"14":{"start":{"line":32,"column":18},"end":{"line":32,"column":71}},"15":{"start":{"line":33,"column":4},"end":{"line":35,"column":7}},"16":{"start":{"line":36,"column":4},"end":{"line":36,"column":99}},"17":{"start":{"line":38,"column":42},"end":{"line":38,"column":47}},"18":{"start":{"line":39,"column":4},"end":{"line":46,"column":5}},"19":{"start":{"line":40,"column":6},"end":{"line":42,"column":7}},"20":{"start":{"line":41,"column":8},"end":{"line":41,"column":50}},"21":{"start":{"line":43,"column":6},"end":{"line":45,"column":7}},"22":{"start":{"line":44,"column":8},"end":{"line":44,"column":56}},"23":{"start":{"line":47,"column":4},"end":{"line":51,"column":5}},"24":{"start":{"line":48,"column":6},"end":{"line":50,"column":9}},"25":{"start":{"line":49,"column":8},"end":{"line":49,"column":83}},"26":{"start":{"line":52,"column":4},"end":{"line":56,"column":5}},"27":{"start":{"line":53,"column":6},"end":{"line":55,"column":9}},"28":{"start":{"line":54,"column":8},"end":{"line":54,"column":102}},"29":{"start":{"line":58,"column":20},"end":{"line":79,"column":3}},"30":{"start":{"line":59,"column":16},"end":{"line":59,"column":50}},"31":{"start":{"line":60,"column":4},"end":{"line":62,"column":5}},"32":{"start":{"line":61,"column":6},"end":{"line":61,"column":31}},"33":{"start":{"line":63,"column":4},"end":{"line":77,"column":5}},"34":{"start":{"line":64,"column":6},"end":{"line":68,"column":7}},"35":{"start":{"line":65,"column":8},"end":{"line":67,"column":9}},"36":{"start":{"line":66,"column":10},"end":{"line":66,"column":79}},"37":{"start":{"line":69,"column":6},"end":{"line":74,"column":8}},"38":{"start":{"line":76,"column":6},"end":{"line":76,"column":94}},"39":{"start":{"line":78,"column":4},"end":{"line":78,"column":47}},"40":{"start":{"line":80,"column":24},"end":{"line":82,"column":3}},"41":{"start":{"line":81,"column":4},"end":{"line":81,"column":64}},"42":{"start":{"line":84,"column":22},"end":{"line":86,"column":3}},"43":{"start":{"line":85,"column":4},"end":{"line":85,"column":54}},"44":{"start":{"line":87,"column":13},"end":{"line":89,"column":3}},"45":{"start":{"line":88,"column":4},"end":{"line":88,"column":44}},"46":{"start":{"line":90,"column":14},"end":{"line":92,"column":3}},"47":{"start":{"line":91,"column":4},"end":{"line":91,"column":33}},"48":{"start":{"line":93,"column":26},"end":{"line":115,"column":3}},"49":{"start":{"line":94,"column":18},"end":{"line":94,"column":50}},"50":{"start":{"line":95,"column":4},"end":{"line":113,"column":5}},"51":{"start":{"line":97,"column":8},"end":{"line":112,"column":10}},"52":{"start":{"line":98,"column":10},"end":{"line":111,"column":12}},"53":{"start":{"line":99,"column":23},"end":{"line":99,"column":25}},"54":{"start":{"line":100,"column":12},"end":{"line":106,"column":13}},"55":{"start":{"line":101,"column":14},"end":{"line":105,"column":15}},"56":{"start":{"line":102,"column":16},"end":{"line":104,"column":18}},"57":{"start":{"line":107,"column":12},"end":{"line":109,"column":13}},"58":{"start":{"line":108,"column":14},"end":{"line":108,"column":68}},"59":{"start":{"line":110,"column":12},"end":{"line":110,"column":67}},"60":{"start":{"line":114,"column":4},"end":{"line":114,"column":59}},"61":{"start":{"line":122,"column":2},"end":{"line":129,"column":9}},"62":{"start":{"line":123,"column":4},"end":{"line":127,"column":7}},"63":{"start":{"line":124,"column":6},"end":{"line":126,"column":7}},"64":{"start":{"line":125,"column":8},"end":{"line":125,"column":67}},"65":{"start":{"line":128,"column":4},"end":{"line":128,"column":13}},"66":{"start":{"line":133,"column":2},"end":{"line":152,"column":4}},"67":{"start":{"line":134,"column":4},"end":{"line":151,"column":30}},"68":{"start":{"line":135,"column":6},"end":{"line":150,"column":9}},"69":{"start":{"line":136,"column":8},"end":{"line":148,"column":9}},"70":{"start":{"line":138,"column":10},"end":{"line":144,"column":11}},"71":{"start":{"line":139,"column":12},"end":{"line":141,"column":20}},"72":{"start":{"line":140,"column":14},"end":{"line":140,"column":76}},"73":{"start":{"line":143,"column":12},"end":{"line":143,"column":92}},"74":{"start":{"line":145,"column":10},"end":{"line":147,"column":11}},"75":{"start":{"line":146,"column":12},"end":{"line":146,"column":26}},"76":{"start":{"line":149,"column":8},"end":{"line":149,"column":19}}},"fnMap":{"0":{"name":"(anonymous_0)","decl":{"start":{"line":10,"column":2},"end":{"line":10,"column":3}},"loc":{"start":{"line":10,"column":46},"end":{"line":14,"column":3}},"line":10},"1":{"name":"(anonymous_1)","decl":{"start":{"line":15,"column":15},"end":{"line":15,"column":16}},"loc":{"start":{"line":15,"column":26},"end":{"line":17,"column":3}},"line":15},"2":{"name":"(anonymous_2)","decl":{"start":{"line":18,"column":10},"end":{"line":18,"column":11}},"loc":{"start":{"line":18,"column":21},"end":{"line":20,"column":3}},"line":18},"3":{"name":"(anonymous_3)","decl":{"start":{"line":21,"column":11},"end":{"line":21,"column":12}},"loc":{"start":{"line":21,"column":17},"end":{"line":23,"column":3}},"line":21},"4":{"name":"(anonymous_4)","decl":{"start":{"line":24,"column":13},"end":{"line":24,"column":14}},"loc":{"start":{"line":24,"column":25},"end":{"line":57,"column":3}},"line":24},"5":{"name":"(anonymous_5)","decl":{"start":{"line":48,"column":40},"end":{"line":48,"column":41}},"loc":{"start":{"line":48,"column":57},"end":{"line":50,"column":7}},"line":48},"6":{"name":"(anonymous_6)","decl":{"start":{"line":53,"column":43},"end":{"line":53,"column":44}},"loc":{"start":{"line":53,"column":63},"end":{"line":55,"column":7}},"line":53},"7":{"name":"(anonymous_7)","decl":{"start":{"line":58,"column":20},"end":{"line":58,"column":21}},"loc":{"start":{"line":58,"column":76},"end":{"line":79,"column":3}},"line":58},"8":{"name":"(anonymous_8)","decl":{"start":{"line":80,"column":24},"end":{"line":80,"column":25}},"loc":{"start":{"line":80,"column":55},"end":{"line":82,"column":3}},"line":80},"9":{"name":"(anonymous_9)","decl":{"start":{"line":84,"column":22},"end":{"line":84,"column":23}},"loc":{"start":{"line":84,"column":53},"end":{"line":86,"column":3}},"line":84},"10":{"name":"(anonymous_10)","decl":{"start":{"line":87,"column":13},"end":{"line":87,"column":14}},"loc":{"start":{"line":87,"column":28},"end":{"line":89,"column":3}},"line":87},"11":{"name":"(anonymous_11)","decl":{"start":{"line":90,"column":14},"end":{"line":90,"column":15}},"loc":{"start":{"line":90,"column":20},"end":{"line":92,"column":3}},"line":90},"12":{"name":"(anonymous_12)","decl":{"start":{"line":93,"column":26},"end":{"line":93,"column":27}},"loc":{"start":{"line":93,"column":59},"end":{"line":115,"column":3}},"line":93},"13":{"name":"(anonymous_13)","decl":{"start":{"line":97,"column":15},"end":{"line":97,"column":16}},"loc":{"start":{"line":97,"column":41},"end":{"line":112,"column":9}},"line":97},"14":{"name":"(anonymous_14)","decl":{"start":{"line":98,"column":17},"end":{"line":98,"column":18}},"loc":{"start":{"line":98,"column":40},"end":{"line":111,"column":11}},"line":98},"15":{"name":"generateHooks","decl":{"start":{"line":121,"column":9},"end":{"line":121,"column":22}},"loc":{"start":{"line":121,"column":47},"end":{"line":130,"column":1}},"line":121},"16":{"name":"(anonymous_16)","decl":{"start":{"line":122,"column":22},"end":{"line":122,"column":23}},"loc":{"start":{"line":122,"column":32},"end":{"line":129,"column":3}},"line":122},"17":{"name":"(anonymous_17)","decl":{"start":{"line":123,"column":27},"end":{"line":123,"column":28}},"loc":{"start":{"line":123,"column":41},"end":{"line":127,"column":5}},"line":123},"18":{"name":"createHookQueue","decl":{"start":{"line":132,"column":9},"end":{"line":132,"column":24}},"loc":{"start":{"line":132,"column":54},"end":{"line":153,"column":1}},"line":132},"19":{"name":"(anonymous_19)","decl":{"start":{"line":133,"column":9},"end":{"line":133,"column":10}},"loc":{"start":{"line":133,"column":40},"end":{"line":152,"column":3}},"line":133},"20":{"name":"(anonymous_20)","decl":{"start":{"line":134,"column":24},"end":{"line":134,"column":25}},"loc":{"start":{"line":134,"column":50},"end":{"line":151,"column":5}},"line":134},"21":{"name":"(anonymous_21)","decl":{"start":{"line":135,"column":26},"end":{"line":135,"column":27}},"loc":{"start":{"line":135,"column":40},"end":{"line":150,"column":7}},"line":135},"22":{"name":"(anonymous_22)","decl":{"start":{"line":139,"column":60},"end":{"line":139,"column":61}},"loc":{"start":{"line":139,"column":82},"end":{"line":141,"column":13}},"line":139}},"branchMap":{"0":{"loc":{"start":{"line":10,"column":14},"end":{"line":10,"column":33}},"type":"default-arg","locations":[{"start":{"line":10,"column":31},"end":{"line":10,"column":33}}],"line":10},"1":{"loc":{"start":{"line":28,"column":34},"end":{"line":28,"column":49}},"type":"binary-expr","locations":[{"start":{"line":28,"column":34},"end":{"line":28,"column":43}},{"start":{"line":28,"column":47},"end":{"line":28,"column":49}}],"line":28},"2":{"loc":{"start":{"line":32,"column":19},"end":{"line":32,"column":43}},"type":"binary-expr","locations":[{"start":{"line":32,"column":19},"end":{"line":32,"column":37}},{"start":{"line":32,"column":41},"end":{"line":32,"column":43}}],"line":32},"3":{"loc":{"start":{"line":32,"column":45},"end":{"line":32,"column":70}},"type":"binary-expr","locations":[{"start":{"line":32,"column":45},"end":{"line":32,"column":64}},{"start":{"line":32,"column":68},"end":{"line":32,"column":70}}],"line":32},"4":{"loc":{"start":{"line":39,"column":4},"end":{"line":46,"column":5}},"type":"if","locations":[{"start":{"line":39,"column":4},"end":{"line":46,"column":5}},{"start":{"line":39,"column":4},"end":{"line":46,"column":5}}],"line":39},"5":{"loc":{"start":{"line":40,"column":6},"end":{"line":42,"column":7}},"type":"if","locations":[{"start":{"line":40,"column":6},"end":{"line":42,"column":7}},{"start":{"line":40,"column":6},"end":{"line":42,"column":7}}],"line":40},"6":{"loc":{"start":{"line":43,"column":6},"end":{"line":45,"column":7}},"type":"if","locations":[{"start":{"line":43,"column":6},"end":{"line":45,"column":7}},{"start":{"line":43,"column":6},"end":{"line":45,"column":7}}],"line":43},"7":{"loc":{"start":{"line":47,"column":4},"end":{"line":51,"column":5}},"type":"if","locations":[{"start":{"line":47,"column":4},"end":{"line":51,"column":5}},{"start":{"line":47,"column":4},"end":{"line":51,"column":5}}],"line":47},"8":{"loc":{"start":{"line":52,"column":4},"end":{"line":56,"column":5}},"type":"if","locations":[{"start":{"line":52,"column":4},"end":{"line":56,"column":5}},{"start":{"line":52,"column":4},"end":{"line":56,"column":5}}],"line":52},"9":{"loc":{"start":{"line":58,"column":59},"end":{"line":58,"column":71}},"type":"default-arg","locations":[{"start":{"line":58,"column":69},"end":{"line":58,"column":71}}],"line":58},"10":{"loc":{"start":{"line":60,"column":4},"end":{"line":62,"column":5}},"type":"if","locations":[{"start":{"line":60,"column":4},"end":{"line":62,"column":5}},{"start":{"line":60,"column":4},"end":{"line":62,"column":5}}],"line":60},"11":{"loc":{"start":{"line":64,"column":6},"end":{"line":68,"column":7}},"type":"if","locations":[{"start":{"line":64,"column":6},"end":{"line":68,"column":7}},{"start":{"line":64,"column":6},"end":{"line":68,"column":7}}],"line":64},"12":{"loc":{"start":{"line":65,"column":8},"end":{"line":67,"column":9}},"type":"if","locations":[{"start":{"line":65,"column":8},"end":{"line":67,"column":9}},{"start":{"line":65,"column":8},"end":{"line":67,"column":9}}],"line":65},"13":{"loc":{"start":{"line":95,"column":4},"end":{"line":113,"column":5}},"type":"switch","locations":[{"start":{"line":96,"column":6},"end":{"line":112,"column":10}}],"line":95},"14":{"loc":{"start":{"line":98,"column":23},"end":{"line":98,"column":35}},"type":"default-arg","locations":[{"start":{"line":98,"column":33},"end":{"line":98,"column":35}}],"line":98},"15":{"loc":{"start":{"line":100,"column":12},"end":{"line":106,"column":13}},"type":"if","locations":[{"start":{"line":100,"column":12},"end":{"line":106,"column":13}},{"start":{"line":100,"column":12},"end":{"line":106,"column":13}}],"line":100},"16":{"loc":{"start":{"line":101,"column":14},"end":{"line":105,"column":15}},"type":"if","locations":[{"start":{"line":101,"column":14},"end":{"line":105,"column":15}},{"start":{"line":101,"column":14},"end":{"line":105,"column":15}}],"line":101},"17":{"loc":{"start":{"line":107,"column":12},"end":{"line":109,"column":13}},"type":"if","locations":[{"start":{"line":107,"column":12},"end":{"line":109,"column":13}},{"start":{"line":107,"column":12},"end":{"line":109,"column":13}}],"line":107},"18":{"loc":{"start":{"line":121,"column":23},"end":{"line":121,"column":33}},"type":"default-arg","locations":[{"start":{"line":121,"column":31},"end":{"line":121,"column":33}}],"line":121},"19":{"loc":{"start":{"line":124,"column":6},"end":{"line":126,"column":7}},"type":"if","locations":[{"start":{"line":124,"column":6},"end":{"line":126,"column":7}},{"start":{"line":124,"column":6},"end":{"line":126,"column":7}}],"line":124},"20":{"loc":{"start":{"line":136,"column":8},"end":{"line":148,"column":9}},"type":"if","locations":[{"start":{"line":136,"column":8},"end":{"line":148,"column":9}},{"start":{"line":136,"column":8},"end":{"line":148,"column":9}}],"line":136},"21":{"loc":{"start":{"line":138,"column":10},"end":{"line":144,"column":11}},"type":"if","locations":[{"start":{"line":138,"column":10},"end":{"line":144,"column":11}},{"start":{"line":138,"column":10},"end":{"line":144,"column":11}}],"line":138},"22":{"loc":{"start":{"line":145,"column":10},"end":{"line":147,"column":11}},"type":"if","locations":[{"start":{"line":145,"column":10},"end":{"line":147,"column":11}},{"start":{"line":145,"column":10},"end":{"line":147,"column":11}}],"line":145}},"s":{"0":2,"1":2,"2":12,"3":12,"4":12,"5":1,"6":12,"7":8,"8":12,"9":7,"10":12,"11":9,"12":9,"13":9,"14":9,"15":9,"16":9,"17":9,"18":9,"19":9,"20":9,"21":9,"22":9,"23":9,"24":9,"25":30,"26":9,"27":9,"28":9,"29":12,"30":10,"31":10,"32":3,"33":10,"34":10,"35":2,"36":0,"37":10,"38":0,"39":10,"40":12,"41":1,"42":12,"43":1,"44":12,"45":4,"46":12,"47":1,"48":12,"49":1,"50":1,"51":1,"52":1,"53":1,"54":1,"55":0,"56":0,"57":1,"58":1,"59":1,"60":0,"61":9,"62":18,"63":32,"64":32,"65":18,"66":32,"67":2,"68":4,"69":4,"70":2,"71":0,"72":0,"73":2,"74":2,"75":2,"76":2},"f":{"0":12,"1":1,"2":8,"3":7,"4":9,"5":30,"6":9,"7":10,"8":1,"9":1,"10":4,"11":1,"12":1,"13":1,"14":1,"15":9,"16":18,"17":32,"18":32,"19":2,"20":4,"21":4,"22":0},"b":{"0":[0],"1":[9,0],"2":[9,9],"3":[9,0],"4":[9,0],"5":[9,0],"6":[9,0],"7":[9,0],"8":[9,0],"9":[0],"10":[3,7],"11":[2,8],"12":[0,2],"13":[1],"14":[1],"15":[0,1],"16":[0,0],"17":[1,0],"18":[0],"19":[32,0],"20":[2,2],"21":[0,2],"22":[2,0]},"_coverageSchema":"43e27e138ebf9cfc5966b082cf9a028302ed4184","hash":"93b15e4e5232fbff7560d474acb0eaca313c9a3a"}
}
