TN:
SF:/home/mmckenzie/projects/q2/libs/sql2gql/jest.config.js
FNF:0
FNH:0
DA:1,0
LF:1
LH:0
BRF:0
BRH:0
end_of_record
TN:
SF:/home/mmckenzie/projects/q2/libs/sql2gql/src/events.js
FNF:0
FNH:0
LF:0
LH:0
BRF:0
BRH:0
end_of_record
TN:
SF:/home/mmckenzie/projects/q2/libs/sql2gql/src/index.js
FN:5,(anonymous_0)
FN:11,(anonymous_1)
FN:17,(anonymous_2)
FN:26,(anonymous_3)
FN:27,(anonymous_4)
FN:30,(anonymous_5)
FNF:6
FNH:2
FNDA:2,(anonymous_0)
FNDA:2,(anonymous_1)
FNDA:0,(anonymous_2)
FNDA:0,(anonymous_3)
FNDA:0,(anonymous_4)
FNDA:0,(anonymous_5)
DA:6,2
DA:7,2
DA:8,2
DA:9,2
DA:11,2
DA:12,2
DA:13,2
DA:14,2
DA:18,0
DA:19,0
DA:20,0
DA:22,0
DA:23,0
DA:24,0
DA:27,0
DA:28,0
DA:30,0
DA:31,0
DA:32,0
DA:33,0
DA:35,0
LF:21
LH:8
BRDA:12,0,0,2
BRDA:12,0,1,0
BRDA:13,1,0,2
BRDA:13,1,1,0
BRDA:14,2,0,2
BRDA:14,2,1,0
BRDA:18,3,0,0
BRDA:18,3,1,0
BRDA:19,4,0,0
BRDA:19,4,1,0
BRDA:26,5,0,0
BRDA:32,6,0,0
BRDA:32,6,1,0
BRF:13
BRH:3
end_of_record
TN:
SF:/home/mmckenzie/projects/q2/libs/sql2gql/src/adapters/sequelize/index.js
FN:10,(anonymous_0)
FN:15,(anonymous_1)
FN:18,(anonymous_2)
FN:21,(anonymous_3)
FN:24,(anonymous_4)
FN:48,(anonymous_5)
FN:53,(anonymous_6)
FN:58,(anonymous_7)
FN:80,(anonymous_8)
FN:84,(anonymous_9)
FN:87,(anonymous_10)
FN:90,(anonymous_11)
FN:93,(anonymous_12)
FN:97,(anonymous_13)
FN:98,(anonymous_14)
FN:121,generateHooks
FN:122,(anonymous_16)
FN:123,(anonymous_17)
FN:132,createHookQueue
FN:133,(anonymous_19)
FN:134,(anonymous_20)
FN:135,(anonymous_21)
FN:139,(anonymous_22)
FNF:23
FNH:22
FNDA:12,(anonymous_0)
FNDA:1,(anonymous_1)
FNDA:8,(anonymous_2)
FNDA:7,(anonymous_3)
FNDA:9,(anonymous_4)
FNDA:30,(anonymous_5)
FNDA:9,(anonymous_6)
FNDA:10,(anonymous_7)
FNDA:1,(anonymous_8)
FNDA:1,(anonymous_9)
FNDA:4,(anonymous_10)
FNDA:1,(anonymous_11)
FNDA:1,(anonymous_12)
FNDA:1,(anonymous_13)
FNDA:1,(anonymous_14)
FNDA:9,generateHooks
FNDA:18,(anonymous_16)
FNDA:32,(anonymous_17)
FNDA:32,createHookQueue
FNDA:2,(anonymous_19)
FNDA:4,(anonymous_20)
FNDA:4,(anonymous_21)
FNDA:0,(anonymous_22)
DA:5,2
DA:9,2
DA:12,12
DA:13,12
DA:15,12
DA:16,1
DA:18,12
DA:19,8
DA:21,12
DA:22,7
DA:24,12
DA:25,9
DA:26,9
DA:31,9
DA:32,9
DA:33,9
DA:36,9
DA:38,9
DA:39,9
DA:40,9
DA:41,9
DA:43,9
DA:44,9
DA:47,9
DA:48,9
DA:49,30
DA:52,9
DA:53,9
DA:54,9
DA:58,12
DA:59,10
DA:60,10
DA:61,3
DA:63,10
DA:64,10
DA:65,2
DA:66,0
DA:69,10
DA:76,0
DA:78,10
DA:80,12
DA:81,1
DA:84,12
DA:85,1
DA:87,12
DA:88,4
DA:90,12
DA:91,1
DA:93,12
DA:94,1
DA:95,1
DA:97,1
DA:98,1
DA:99,1
DA:100,1
DA:101,0
DA:102,0
DA:107,1
DA:108,1
DA:110,1
DA:114,0
DA:122,9
DA:123,18
DA:124,32
DA:125,32
DA:128,18
DA:133,32
DA:134,2
DA:135,4
DA:136,4
DA:138,2
DA:139,0
DA:140,0
DA:143,2
DA:145,2
DA:146,2
DA:149,2
LF:77
LH:70
BRDA:10,0,0,0
BRDA:28,1,0,9
BRDA:28,1,1,0
BRDA:32,2,0,9
BRDA:32,2,1,9
BRDA:32,3,0,9
BRDA:32,3,1,0
BRDA:39,4,0,9
BRDA:39,4,1,0
BRDA:40,5,0,9
BRDA:40,5,1,0
BRDA:43,6,0,9
BRDA:43,6,1,0
BRDA:47,7,0,9
BRDA:47,7,1,0
BRDA:52,8,0,9
BRDA:52,8,1,0
BRDA:58,9,0,0
BRDA:60,10,0,3
BRDA:60,10,1,7
BRDA:64,11,0,2
BRDA:64,11,1,8
BRDA:65,12,0,0
BRDA:65,12,1,2
BRDA:95,13,0,1
BRDA:98,14,0,1
BRDA:100,15,0,0
BRDA:100,15,1,1
BRDA:101,16,0,0
BRDA:101,16,1,0
BRDA:107,17,0,1
BRDA:107,17,1,0
BRDA:121,18,0,0
BRDA:124,19,0,32
BRDA:124,19,1,0
BRDA:136,20,0,2
BRDA:136,20,1,2
BRDA:138,21,0,0
BRDA:138,21,1,2
BRDA:145,22,0,2
BRDA:145,22,1,0
BRF:41
BRH:23
end_of_record
